<?xml version="1.0" encoding="utf-8"?><testsuites name="pytest tests"><testsuite name="pytest" errors="0" failures="0" skipped="0" tests="9" time="1.747" timestamp="2025-07-06T19:31:59.055298-03:00" hostname="tungs"><testcase classname="tests.test_flext_grpc" name="test_configuration" time="0.049" /><testcase classname="tests.test_flext_grpc" name="test_module_exists" time="0.003" /><testcase classname="tests.test_flext_grpc" name="test_basic_functionality" time="0.003" /><testcase classname="tests.test_flext_grpc" name="test_parametrized[1-True]" time="0.003" /><testcase classname="tests.test_flext_grpc" name="test_parametrized[2-True]" time="0.003" /><testcase classname="tests.test_flext_grpc" name="test_parametrized[3-True]" time="0.003" /><testcase classname="tests.test_flext_grpc.TestFlextgrpc" name="test_error_handling" time="0.002" /><testcase classname="tests.test_flext_grpc.TestFlextgrpc" name="test_initialization" time="0.002" /><testcase classname="tests.test_flext_grpc.TestFlextgrpc" name="test_methods" time="0.003" /></testsuite></testsuites>